<?xml version="1.0" encoding="UTF-8"?>
<testng-results ignored="0" total="1" passed="1" failed="0" skipped="0">
  <reporter-output>
  </reporter-output>
  <suite started-at="2025-05-14T17:31:26 EDT" name="Suite" finished-at="2025-05-14T17:32:07 EDT" duration-ms="41219">
    <groups>
    </groups>
    <test started-at="2025-05-14T17:31:26 EDT" name="Test" finished-at="2025-05-14T17:32:07 EDT" duration-ms="41219">
      <class name="com.register.TC_RF_001">
        <test-method is-config="true" signature="setup()[pri:0, instance:com.register.TC_RF_001@3aefe5e5]" started-at="2025-05-14T17:31:26 EDT" name="setup" finished-at="2025-05-14T17:32:03 EDT" duration-ms="36314" status="PASS">
          <reporter-output>
          </reporter-output>
        </test-method> <!-- setup -->
        <test-method signature="verifyRegisteringByProvidingOnlyMandatoryFields()[pri:0, instance:com.register.TC_RF_001@3aefe5e5]" started-at="2025-05-14T17:32:03 EDT" name="verifyRegisteringByProvidingOnlyMandatoryFields" finished-at="2025-05-14T17:32:06 EDT" duration-ms="3765" status="PASS">
          <reporter-output>
          </reporter-output>
        </test-method> <!-- verifyRegisteringByProvidingOnlyMandatoryFields -->
        <test-method is-config="true" signature="teardown()[pri:0, instance:com.register.TC_RF_001@3aefe5e5]" started-at="2025-05-14T17:32:06 EDT" name="teardown" finished-at="2025-05-14T17:32:07 EDT" duration-ms="1089" status="PASS">
          <reporter-output>
          </reporter-output>
        </test-method> <!-- teardown -->
      </class> <!-- com.register.TC_RF_001 -->
    </test> <!-- Test -->
  </suite> <!-- Suite -->
</testng-results>
