<?xml version="1.0" encoding="UTF-8"?>
<testng-results ignored="0" total="1" passed="1" failed="0" skipped="0">
  <reporter-output>
  </reporter-output>
  <suite started-at="2025-05-14T17:24:21 EDT" name="Suite" finished-at="2025-05-14T17:24:58 EDT" duration-ms="37598">
    <groups>
    </groups>
    <test started-at="2025-05-14T17:24:21 EDT" name="Test" finished-at="2025-05-14T17:24:58 EDT" duration-ms="37598">
      <class name="com.register.TC_RF_001">
        <test-method is-config="true" signature="setup()[pri:0, instance:com.register.TC_RF_001@6fdbe764]" started-at="2025-05-14T17:24:21 EDT" name="setup" finished-at="2025-05-14T17:24:53 EDT" duration-ms="31910" status="PASS">
          <reporter-output>
          </reporter-output>
        </test-method> <!-- setup -->
        <test-method signature="verifyRegisteringByProvidingOnlyMandatoryFields()[pri:0, instance:com.register.TC_RF_001@6fdbe764]" started-at="2025-05-14T17:24:53 EDT" name="verifyRegisteringByProvidingOnlyMandatoryFields" finished-at="2025-05-14T17:24:57 EDT" duration-ms="4386" status="PASS">
          <reporter-output>
          </reporter-output>
        </test-method> <!-- verifyRegisteringByProvidingOnlyMandatoryFields -->
        <test-method is-config="true" signature="teardown()[pri:0, instance:com.register.TC_RF_001@6fdbe764]" started-at="2025-05-14T17:24:57 EDT" name="teardown" finished-at="2025-05-14T17:24:58 EDT" duration-ms="1236" status="PASS">
          <reporter-output>
          </reporter-output>
        </test-method> <!-- teardown -->
      </class> <!-- com.register.TC_RF_001 -->
    </test> <!-- Test -->
  </suite> <!-- Suite -->
</testng-results>
